<?xml version="1.0" encoding="UTF-8"?>
<!-- Generated by org.testng.reporters.JUnitReportReporter -->
<testsuite hostname="DESKTOP-8C0LO3K" failures="0" tests="1" name="mylearning.LibraryAPI" time="2.220" errors="0" timestamp="2025-02-10T21:27:35 IST" skipped="0">
  <testcase classname="mylearning.LibraryAPI" name="verifyUserIsAbleToAddBooks" time="2.220"/>
</testsuite> <!-- mylearning.LibraryAPI -->
