<?xml version="1.0" encoding="UTF-8"?>
<!-- Generated by org.testng.reporters.JUnitReportReporter -->
<testsuite hostname="DESKTOP-8C0LO3K" failures="0" tests="1" name="mylearning.Deserialization" time="1.296" errors="0" timestamp="2025-02-14T21:51:50 IST" skipped="0">
  <testcase classname="mylearning.Deserialization" name="deserialBestPrcatice" time="1.296"/>
</testsuite> <!-- mylearning.Deserialization -->
