<?xml version="1.0" encoding="UTF-8"?>
<!-- Generated by org.testng.reporters.JUnitReportReporter -->
<testsuite hostname="DESKTOP-8C0LO3K" failures="0" tests="1" name="mylearning.LibraryAPIWithSpecBuilder" time="1.286" errors="0" timestamp="2025-02-14T22:10:54 IST" skipped="0">
  <testcase classname="mylearning.LibraryAPIWithSpecBuilder" name="verifyUserIsAbleToAddBooks" time="1.286"/>
</testsuite> <!-- mylearning.LibraryAPIWithSpecBuilder -->
