<?xml version="1.0" encoding="UTF-8"?>
<!-- Generated by org.testng.reporters.JUnitReportReporter -->
<testsuite hostname="DESKTOP-8C0LO3K" failures="0" tests="1" name="learnParsingJson.ParsingAnotherJson" time="1.882" errors="0" timestamp="2025-02-10T21:47:19 IST" skipped="0">
  <testcase classname="learnParsingJson.ParsingAnotherJson" name="parsingtest" time="1.882"/>
</testsuite> <!-- learnParsingJson.ParsingAnotherJson -->
