<?xml version="1.0" encoding="UTF-8"?>
<!-- Generated by org.testng.reporters.JUnitReportReporter -->
<testsuite hostname="DESKTOP-8C0LO3K" failures="0" tests="1" name="mylearning.SerializationTest" time="1.747" errors="0" timestamp="2025-02-14T21:43:44 IST" skipped="0">
  <testcase classname="mylearning.SerializationTest" name="addBookSerialization" time="1.747"/>
</testsuite> <!-- mylearning.SerializationTest -->
