<?xml version="1.0" encoding="UTF-8"?>
<!-- Generated by org.testng.reporters.JUnitReportReporter -->
<testsuite hostname="DESKTOP-8C0LO3K" failures="0" tests="1" name="learnParsingJson.LearnJsonParsing" time="1.121" errors="0" timestamp="2025-02-10T21:23:14 IST" skipped="0">
  <testcase classname="learnParsingJson.LearnJsonParsing" name="parsing" time="1.121"/>
</testsuite> <!-- learnParsingJson.LearnJsonParsing -->
