<?xml version="1.0" encoding="UTF-8"?>
<!-- Generated by org.testng.reporters.JUnitReportReporter -->
<testsuite hostname="DESKTOP-8C0LO3K" failures="0" tests="1" name="mylearning.TestSomething" time="2.249" errors="0" timestamp="2025-02-11T19:33:04 IST" skipped="0">
  <testcase classname="mylearning.TestSomething" name="getIdea" time="2.249"/>
</testsuite> <!-- mylearning.TestSomething -->
