<?xml version="1.0" encoding="UTF-8"?>
<!-- Generated by org.testng.reporters.JUnitReportReporter -->
<testsuite hostname="DESKTOP-8C0LO3K" failures="0" tests="1" name="mylearning.SerializationTest" time="5.470" errors="0" timestamp="2025-02-13T20:55:44 IST" skipped="0">
  <testcase classname="mylearning.SerializationTest" name="addBookSerialization" time="5.470"/>
</testsuite> <!-- mylearning.SerializationTest -->
