<?xml version="1.0" encoding="UTF-8"?>
<!-- Generated by org.testng.reporters.JUnitReportReporter -->
<testsuite hostname="DESKTOP-8C0LO3K" failures="0" tests="1" name="mylearning.LibraryAPI" time="3.978" errors="0" timestamp="2025-02-05T21:55:17 IST" skipped="0">
  <testcase classname="mylearning.LibraryAPI" name="verifyUserIsAbleToAddBooks" time="3.978"/>
</testsuite> <!-- mylearning.LibraryAPI -->
