<?xml version="1.0" encoding="UTF-8"?>
<!-- Generated by org.testng.reporters.JUnitReportReporter -->
<testsuite hostname="DESKTOP-8C0LO3K" failures="0" tests="1" name="mylearning.LibraryAPI" time="2.317" errors="0" timestamp="2025-02-14T21:02:06 IST" skipped="0">
  <testcase classname="mylearning.LibraryAPI" name="verifyUserIsAbleToAddBooks" time="2.317"/>
</testsuite> <!-- mylearning.LibraryAPI -->
