<?xml version="1.0" encoding="UTF-8"?>
<!-- Generated by org.testng.reporters.JUnitReportReporter -->
<testsuite hostname="DESKTOP-8C0LO3K" failures="0" tests="1" name="mylearning.LibraryAPI" time="21.200" errors="0" timestamp="2025-02-06T21:48:25 IST" skipped="0">
  <testcase classname="mylearning.LibraryAPI" name="verifyUserIsAbleToAddBooks" time="21.200"/>
</testsuite> <!-- mylearning.LibraryAPI -->
