<?xml version="1.0" encoding="UTF-8"?>
<!-- Generated by org.testng.reporters.JUnitReportReporter -->
<testsuite hostname="DESKTOP-8C0LO3K" failures="0" tests="1" name="mylearning.SerializationTest" time="31.595" errors="0" timestamp="2025-02-12T21:47:29 IST" skipped="0">
  <testcase classname="mylearning.SerializationTest" name="addBook" time="31.595"/>
</testsuite> <!-- mylearning.SerializationTest -->
